Determining if the pthread_create exist failed with the following output:
Change Dir: /home/sun/catkin_ws/src/hexapod/build/CMakeFiles/CMakeTmp

Run Build Command:/usr/bin/make "cmTryCompileExec2979403660/fast"
/usr/bin/make -f CMakeFiles/cmTryCompileExec2979403660.dir/build.make CMakeFiles/cmTryCompileExec2979403660.dir/build
make[1]: Entering directory `/home/sun/catkin_ws/src/hexapod/build/CMakeFiles/CMakeTmp'
/usr/bin/cmake -E cmake_progress_report /home/sun/catkin_ws/src/hexapod/build/CMakeFiles/CMakeTmp/CMakeFiles 1
Building C object CMakeFiles/cmTryCompileExec2979403660.dir/CheckSymbolExists.c.o
/usr/bin/cc    -o CMakeFiles/cmTryCompileExec2979403660.dir/CheckSymbolExists.c.o   -c /home/sun/catkin_ws/src/hexapod/build/CMakeFiles/CMakeTmp/CheckSymbolExists.c
Linking C executable cmTryCompileExec2979403660
/usr/bin/cmake -E cmake_link_script CMakeFiles/cmTryCompileExec2979403660.dir/link.txt --verbose=1
/usr/bin/cc       CMakeFiles/cmTryCompileExec2979403660.dir/CheckSymbolExists.c.o  -o cmTryCompileExec2979403660 -rdynamic 
CMakeFiles/cmTryCompileExec2979403660.dir/CheckSymbolExists.c.o: In function `main':
CheckSymbolExists.c:(.text+0x16): undefined reference to `pthread_create'
collect2: error: ld returned 1 exit status
make[1]: *** [cmTryCompileExec2979403660] Error 1
make[1]: Leaving directory `/home/sun/catkin_ws/src/hexapod/build/CMakeFiles/CMakeTmp'
make: *** [cmTryCompileExec2979403660/fast] Error 2

File /home/sun/catkin_ws/src/hexapod/build/CMakeFiles/CMakeTmp/CheckSymbolExists.c:
/* */
#include <pthread.h>

int main(int argc, char** argv)
{
  (void)argv;
#ifndef pthread_create
  return ((int*)(&pthread_create))[argc];
#else
  (void)argc;
  return 0;
#endif
}

Determining if the function pthread_create exists in the pthreads failed with the following output:
Change Dir: /home/sun/catkin_ws/src/hexapod/build/CMakeFiles/CMakeTmp

Run Build Command:/usr/bin/make "cmTryCompileExec803472890/fast"
/usr/bin/make -f CMakeFiles/cmTryCompileExec803472890.dir/build.make CMakeFiles/cmTryCompileExec803472890.dir/build
make[1]: Entering directory `/home/sun/catkin_ws/src/hexapod/build/CMakeFiles/CMakeTmp'
/usr/bin/cmake -E cmake_progress_report /home/sun/catkin_ws/src/hexapod/build/CMakeFiles/CMakeTmp/CMakeFiles 1
Building C object CMakeFiles/cmTryCompileExec803472890.dir/CheckFunctionExists.c.o
/usr/bin/cc   -DCHECK_FUNCTION_EXISTS=pthread_create   -o CMakeFiles/cmTryCompileExec803472890.dir/CheckFunctionExists.c.o   -c /usr/share/cmake-2.8/Modules/CheckFunctionExists.c
Linking C executable cmTryCompileExec803472890
/usr/bin/cmake -E cmake_link_script CMakeFiles/cmTryCompileExec803472890.dir/link.txt --verbose=1
/usr/bin/cc   -DCHECK_FUNCTION_EXISTS=pthread_create    CMakeFiles/cmTryCompileExec803472890.dir/CheckFunctionExists.c.o  -o cmTryCompileExec803472890 -rdynamic -lpthreads 
/usr/bin/ld: cannot find -lpthreads
collect2: error: ld returned 1 exit status
make[1]: *** [cmTryCompileExec803472890] Error 1
make[1]: Leaving directory `/home/sun/catkin_ws/src/hexapod/build/CMakeFiles/CMakeTmp'
make: *** [cmTryCompileExec803472890/fast] Error 2


